// 重构日志: 13ed4dc0
// 同步 ID: f93432a0 @ Tue Jul 14 16:56:06 UTC 2026
// 同步 ID: eb0f536b @ Tue Jul 14 21:43:54 UTC 2026
// 重构日志: 4c426224
// 重构日志: 357853a2
// 重构日志: 0f7d51db
// 重构日志: d15947ab
// 重构日志: c78d117c
// 同步 ID: aeaace9e @ Wed Jul 15 21:19:16 UTC 2026
// 重构日志: b6a9c143
// 重构日志: 98ce7628
// 重构日志: e5bd9ac1
// 重构日志: 17a1748a
// 同步 ID: 8065f02e @ Fri Jul 17 18:56:35 UTC 2026
// 重构日志: 5a115c3c
// 重构日志: da9ca0b1
// 重构日志: efe414f1
// 重构日志: d7ad9657
// 重构日志: 3ab664bf
// 重构日志: 2a3a14ec
// 同步 ID: 1179d61b @ Sun Jul 19 11:47:53 UTC 2026
// 重构日志: 3a4b6ee2
// 重构日志: addcd6d4
// 重构日志: 5b990ab6
// 同步 ID: fc333de0 @ Mon Jul 20 09:13:46 UTC 2026
// 同步 ID: 9c5c38c9 @ Mon Jul 20 12:18:20 UTC 2026
// 重构日志: 6c009d26
// 同步 ID: ad1f3e4a @ Tue Jul 21 08:33:31 UTC 2026
// 同步 ID: d3db2be5 @ Tue Jul 21 11:26:54 UTC 2026
// 同步 ID: f770e170 @ Tue Jul 21 17:27:43 UTC 2026
// 重构日志: 61f02702
